<?xml version="1.0" encoding="UTF-8"?>
<testng-results skipped="0" failed="0" total="1" passed="1">
  <reporter-output>
  </reporter-output>
  <suite name="1" duration-ms="28" started-at="2018-03-07T10:33:04Z" finished-at="2018-03-07T10:33:04Z">
    <groups>
    </groups>
    <test name="Demo" duration-ms="28" started-at="2018-03-07T10:33:04Z" finished-at="2018-03-07T10:33:04Z">
      <class name="com.well.SeleniumFramework.UserdefineTests.UserDefinedTest">
        <test-method status="PASS" signature="first()" name="first" duration-ms="18" started-at="2018-03-07T10:33:04Z" finished-at="2018-03-07T10:33:04Z">
        </test-method>
      </class>
    </test>
  </suite>
</testng-results>
